c:\users\administrator\documents\microsoft windows-driver-samples main setup-devcon (1)\microsoft windows-driver-samples main general-ioctl_wdm\sys\x64\debug\vc142.pdb
c:\users\administrator\documents\microsoft windows-driver-samples main setup-devcon (1)\microsoft windows-driver-samples main general-ioctl_wdm\sys\x64\debug\sioctl.obj
c:\users\administrator\documents\microsoft windows-driver-samples main setup-devcon (1)\microsoft windows-driver-samples main general-ioctl_wdm\sys\x64\debug\sioctl.sys
c:\users\administrator\documents\microsoft windows-driver-samples main setup-devcon (1)\microsoft windows-driver-samples main general-ioctl_wdm\sys\x64\debug\sioctl.pdb
c:\users\administrator\documents\microsoft windows-driver-samples main setup-devcon (1)\microsoft windows-driver-samples main general-ioctl_wdm\sys\x64\debug\test.obj
c:\users\administrator\documents\microsoft windows-driver-samples main setup-devcon (1)\microsoft windows-driver-samples main general-ioctl_wdm\sys\x64\debug\sioctl.res
c:\users\administrator\documents\microsoft windows-driver-samples main setup-devcon (1)\microsoft windows-driver-samples main general-ioctl_wdm\sys\x64\debug\sioctl.tlog\cl.command.1.tlog
c:\users\administrator\documents\microsoft windows-driver-samples main setup-devcon (1)\microsoft windows-driver-samples main general-ioctl_wdm\sys\x64\debug\sioctl.tlog\cl.read.1.tlog
c:\users\administrator\documents\microsoft windows-driver-samples main setup-devcon (1)\microsoft windows-driver-samples main general-ioctl_wdm\sys\x64\debug\sioctl.tlog\cl.write.1.tlog
c:\users\administrator\documents\microsoft windows-driver-samples main setup-devcon (1)\microsoft windows-driver-samples main general-ioctl_wdm\sys\x64\debug\sioctl.tlog\link.command.1.tlog
c:\users\administrator\documents\microsoft windows-driver-samples main setup-devcon (1)\microsoft windows-driver-samples main general-ioctl_wdm\sys\x64\debug\sioctl.tlog\link.read.1.tlog
c:\users\administrator\documents\microsoft windows-driver-samples main setup-devcon (1)\microsoft windows-driver-samples main general-ioctl_wdm\sys\x64\debug\sioctl.tlog\link.write.1.tlog
c:\users\administrator\documents\microsoft windows-driver-samples main setup-devcon (1)\microsoft windows-driver-samples main general-ioctl_wdm\sys\x64\debug\sioctl.tlog\masm.read.1u.tlog
c:\users\administrator\documents\microsoft windows-driver-samples main setup-devcon (1)\microsoft windows-driver-samples main general-ioctl_wdm\sys\x64\debug\sioctl.tlog\masm.write.1u.tlog
c:\users\administrator\documents\microsoft windows-driver-samples main setup-devcon (1)\microsoft windows-driver-samples main general-ioctl_wdm\sys\x64\debug\sioctl.tlog\rc.command.1.tlog
c:\users\administrator\documents\microsoft windows-driver-samples main setup-devcon (1)\microsoft windows-driver-samples main general-ioctl_wdm\sys\x64\debug\sioctl.tlog\rc.read.1.tlog
c:\users\administrator\documents\microsoft windows-driver-samples main setup-devcon (1)\microsoft windows-driver-samples main general-ioctl_wdm\sys\x64\debug\sioctl.tlog\rc.write.1.tlog
c:\users\administrator\documents\microsoft windows-driver-samples main setup-devcon (1)\microsoft windows-driver-samples main general-ioctl_wdm\sys\x64\debug\sioctl.tlog\signtool.command.1.tlog
c:\users\administrator\documents\microsoft windows-driver-samples main setup-devcon (1)\microsoft windows-driver-samples main general-ioctl_wdm\sys\x64\debug\sioctl.tlog\signtool.read.1.tlog
c:\users\administrator\documents\microsoft windows-driver-samples main setup-devcon (1)\microsoft windows-driver-samples main general-ioctl_wdm\sys\x64\debug\sioctl.tlog\signtool.timestamp.1.tlog
c:\users\administrator\documents\microsoft windows-driver-samples main setup-devcon (1)\microsoft windows-driver-samples main general-ioctl_wdm\sys\x64\debug\sioctl.tlog\signtool.write.1.tlog
