  Building 'echo' with toolset 'WindowsKernelModeDriver10.0' and the 'Universal' target platform.
  Stamping Debug\echo.inf
  Stamping [Version] section with DriverVer=07/26/2022,15.4.24.71
  device.c
  driver.c
  queue.c
  Generating Code...
  echo.vcxproj -> C:\1\Windows-driver-samples-253337\general\echo\kmdf\driver\AutoSync\Debug\echo.sys
  Done Adding Additional Store
  Successfully signed: C:\1\Windows-driver-samples-253337\general\echo\kmdf\driver\AutoSync\Debug\echo.sys
  
  Driver is a Universal Driver.
  ........................
  Signability test complete.
  
  Errors:
  None
  
  Warnings:
  None
  
  Catalog generation complete.
  C:\1\Windows-driver-samples-253337\general\echo\kmdf\driver\AutoSync\Debug\echo\kmdfsamples.cat
  Done Adding Additional Store
  Successfully signed: Debug\echo\kmdfsamples.cat
  
